0 info it worked if it ends with ok
1 verbose cli [ '/usr/bin/nodejs',
1 verbose cli   '/usr/bin/npm',
1 verbose cli   'install',
1 verbose cli   'memorystore',
1 verbose cli   '--save' ]
2 info using npm@1.3.10
3 info using node@v0.10.25
4 warn package.json Melomaniac@1.0.0 No repository field.
5 verbose readDependencies using package.json deps
6 verbose cache add [ 'memorystore', null ]
7 verbose cache add name=undefined spec="memorystore" args=["memorystore",null]
8 verbose parsed url { protocol: null,
8 verbose parsed url   slashes: null,
8 verbose parsed url   auth: null,
8 verbose parsed url   host: null,
8 verbose parsed url   port: null,
8 verbose parsed url   hostname: null,
8 verbose parsed url   hash: null,
8 verbose parsed url   search: null,
8 verbose parsed url   query: null,
8 verbose parsed url   pathname: 'memorystore',
8 verbose parsed url   path: 'memorystore',
8 verbose parsed url   href: 'memorystore' }
9 silly lockFile 83cff563-memorystore memorystore
10 verbose lock memorystore /home/vagrant/.npm/83cff563-memorystore.lock
11 silly lockFile 83cff563-memorystore memorystore
12 silly lockFile 83cff563-memorystore memorystore
13 verbose addNamed [ 'memorystore', '' ]
14 verbose addNamed [ null, '*' ]
15 silly lockFile d1d31c07-memorystore memorystore@
16 verbose lock memorystore@ /home/vagrant/.npm/d1d31c07-memorystore.lock
17 silly addNameRange { name: 'memorystore', range: '*', hasData: false }
18 verbose url raw memorystore
19 verbose url resolving [ 'https://registry.npmjs.org/', './memorystore' ]
20 verbose url resolved https://registry.npmjs.org/memorystore
21 info trying registry request attempt 1 at 09:41:30
22 http GET https://registry.npmjs.org/memorystore
23 http 404 https://registry.npmjs.org/memorystore
24 silly registry.get cb [ 404,
24 silly registry.get   { 'content-type': 'application/json',
24 silly registry.get     'cache-control': 'max-age=0',
24 silly registry.get     'content-length': '2',
24 silly registry.get     'accept-ranges': 'bytes',
24 silly registry.get     date: 'Sat, 03 Dec 2016 09:41:27 GMT',
24 silly registry.get     via: '1.1 varnish',
24 silly registry.get     age: '0',
24 silly registry.get     connection: 'keep-alive',
24 silly registry.get     'x-served-by': 'cache-sea1920-SEA',
24 silly registry.get     'x-cache': 'MISS',
24 silly registry.get     'x-cache-hits': '0',
24 silly registry.get     'x-timer': 'S1480758087.200546,VS0,VE95',
24 silly registry.get     vary: 'Accept-Encoding' } ]
25 silly addNameRange number 2 { name: 'memorystore', range: '*', hasData: true }
26 silly addNameRange versions [ undefined, [] ]
27 error TypeError: Cannot read property 'latest' of undefined
27 error     at next (/usr/share/npm/lib/cache.js:687:35)
27 error     at /usr/share/npm/lib/cache.js:675:5
27 error     at saved (/usr/share/npm/node_modules/npm-registry-client/lib/get.js:142:7)
27 error     at /usr/lib/nodejs/graceful-fs/polyfills.js:133:7
27 error     at Object.oncomplete (fs.js:107:15)
28 error If you need help, you may report this log at:
28 error     <http://github.com/isaacs/npm/issues>
28 error or email it to:
28 error     <npm-@googlegroups.com>
29 error System Linux 3.13.0-100-generic
30 error command "/usr/bin/nodejs" "/usr/bin/npm" "install" "memorystore" "--save"
31 error cwd /vagrant/shared/Melomaniac2
32 error node -v v0.10.25
33 error npm -v 1.3.10
34 error type non_object_property_load
35 verbose exit [ 1, true ]
